[2021-09-04T00:28:01.954931+00:00] query_log.NOTICE: Read query executed {"query":"insert into courses (course, author, creation_date) values ('You wont believe this course', 'Daniel Holmes', 'October')"} []
[2021-09-04T00:28:01.956970+00:00] query_log.INFO: Read query executed {"query":"select * from courses"} []
[2021-09-04T00:28:32.103156+00:00] query_log.NOTICE: Read query executed {"query":"insert into courses (course, author, creation_date) values ('You wont believe this course', 'Daniel Holmes', 'October')"} []
[2021-09-04T00:28:32.104575+00:00] query_log.INFO: Read query executed {"query":"select * from courses"} []
[2021-09-04T00:28:33.203828+00:00] query_log.NOTICE: Read query executed {"query":"insert into courses (course, author, creation_date) values ('You wont believe this course', 'Daniel Holmes', 'October')"} []
[2021-09-04T00:28:33.205251+00:00] query_log.INFO: Read query executed {"query":"select * from courses"} []
[2021-09-04T00:29:23.825023+00:00] query_log.NOTICE: Read query executed {"query":"insert into courses (course, author, creation_date) values ('You wont believe this course', 'Daniel Holmes', 'October')"} []
[2021-09-04T00:29:23.826875+00:00] query_log.INFO: Read query executed {"query":"select * from courses"} []
[2021-09-04T00:29:25.934832+00:00] query_log.NOTICE: Read query executed {"query":"insert into courses (course, author, creation_date) values ('You wont believe this course', 'Daniel Holmes', 'October')"} []
[2021-09-04T00:29:25.936570+00:00] query_log.INFO: Read query executed {"query":"select * from courses"} []
[2021-09-04T00:29:52.625323+00:00] query_log.NOTICE: Read query executed {"query":"insert into courses (course, author, creation_date) values ('You wont believe this course', 'Daniel Holmes', 'October')"} []
[2021-09-04T00:29:52.626560+00:00] query_log.INFO: Read query executed {"query":"select * from courses"} []
[2021-09-04T00:30:35.369285+00:00] query_log.NOTICE: Read query executed {"query":"insert into courses (course, author, creation_date) values ('You wont believe this course', 'Daniel Holmes', 'October')"} []
[2021-09-04T00:30:35.370801+00:00] query_log.INFO: Read query executed {"query":"select * from courses"} []
[2021-09-04T00:37:03.725079+00:00] query_log.NOTICE: Read query executed {"query":"DELETE FROM courses;"} []
[2021-09-04T00:37:03.743596+00:00] query_log.NOTICE: Read query executed {"query":"insert into courses (course, author, creation_date) values ('Learning everything', 'Daniel Holmes', 'October')"} []
[2021-09-04T00:37:03.758795+00:00] query_log.NOTICE: Read query executed {"query":"insert into courses (course, author, creation_date) values ('Super fun course', 'Daniel Holmes', 'October')"} []
[2021-09-04T00:37:03.775416+00:00] query_log.NOTICE: Read query executed {"query":"insert into courses (course, author, creation_date) values ('You wont believe this', 'Daniel Holmes', 'October')"} []
[2021-09-04T00:37:03.775658+00:00] query_log.INFO: Read query executed {"query":"select * from courses"} []
[2021-09-04T00:38:51.168323+00:00] query_log.NOTICE: Read query executed {"query":"DELETE FROM courses;"} []
[2021-09-04T00:38:51.177381+00:00] query_log.NOTICE: Read query executed {"query":"insert into courses (course, author, creation_date) values ('Learning everything', 'Daniel Holmes', 'October')"} []
[2021-09-04T00:38:51.193242+00:00] query_log.NOTICE: Read query executed {"query":"insert into courses (course, author, creation_date) values ('Super fun course', 'Daniel Holmes', 'October')"} []
[2021-09-04T00:38:51.201701+00:00] query_log.NOTICE: Read query executed {"query":"insert into courses (course, author, creation_date) values ('You wont believe this', 'Daniel Holmes', 'October')"} []
[2021-09-04T00:38:51.202002+00:00] query_log.INFO: Read query executed {"query":"select * from courses"} []
[2021-09-04T00:38:52.576476+00:00] query_log.NOTICE: Read query executed {"query":"DELETE FROM courses;"} []
[2021-09-04T00:38:52.589478+00:00] query_log.NOTICE: Read query executed {"query":"insert into courses (course, author, creation_date) values ('Learning everything', 'Daniel Holmes', 'October')"} []
[2021-09-04T00:38:52.608710+00:00] query_log.NOTICE: Read query executed {"query":"insert into courses (course, author, creation_date) values ('Super fun course', 'Daniel Holmes', 'October')"} []
[2021-09-04T00:38:52.624544+00:00] query_log.NOTICE: Read query executed {"query":"insert into courses (course, author, creation_date) values ('You wont believe this', 'Daniel Holmes', 'October')"} []
[2021-09-04T00:38:52.624794+00:00] query_log.INFO: Read query executed {"query":"select * from courses"} []
[2021-09-04T00:39:15.245280+00:00] query_log.NOTICE: Read query executed {"query":"DELETE FROM courses;"} []
[2021-09-04T00:39:15.254138+00:00] query_log.NOTICE: Read query executed {"query":"insert into courses (course, author, creation_date) values ('Learning everything', 'Daniel Holmes', 'October')"} []
[2021-09-04T00:39:15.266133+00:00] query_log.NOTICE: Read query executed {"query":"insert into courses (course, author, creation_date) values ('Super fun course', 'Daniel Holmes', 'October')"} []
[2021-09-04T00:39:15.274316+00:00] query_log.NOTICE: Read query executed {"query":"insert into courses (course, author, creation_date) values ('You wont believe this', 'Daniel Holmes', 'October')"} []
[2021-09-04T00:39:15.274608+00:00] query_log.INFO: Read query executed {"query":"select * from courses"} []
[2021-09-04T00:39:15.937120+00:00] query_log.NOTICE: Read query executed {"query":"DELETE FROM courses;"} []
[2021-09-04T00:39:15.946885+00:00] query_log.NOTICE: Read query executed {"query":"insert into courses (course, author, creation_date) values ('Learning everything', 'Daniel Holmes', 'October')"} []
[2021-09-04T00:39:15.954184+00:00] query_log.NOTICE: Read query executed {"query":"insert into courses (course, author, creation_date) values ('Super fun course', 'Daniel Holmes', 'October')"} []
[2021-09-04T00:39:15.968518+00:00] query_log.NOTICE: Read query executed {"query":"insert into courses (course, author, creation_date) values ('You wont believe this', 'Daniel Holmes', 'October')"} []
[2021-09-04T00:39:15.968807+00:00] query_log.INFO: Read query executed {"query":"select * from courses"} []
[2021-09-04T00:39:16.510250+00:00] query_log.NOTICE: Read query executed {"query":"DELETE FROM courses;"} []
[2021-09-04T00:39:16.518828+00:00] query_log.NOTICE: Read query executed {"query":"insert into courses (course, author, creation_date) values ('Learning everything', 'Daniel Holmes', 'October')"} []
[2021-09-04T00:39:16.528464+00:00] query_log.NOTICE: Read query executed {"query":"insert into courses (course, author, creation_date) values ('Super fun course', 'Daniel Holmes', 'October')"} []
[2021-09-04T00:39:16.552603+00:00] query_log.NOTICE: Read query executed {"query":"insert into courses (course, author, creation_date) values ('You wont believe this', 'Daniel Holmes', 'October')"} []
[2021-09-04T00:39:16.552853+00:00] query_log.INFO: Read query executed {"query":"select * from courses"} []
[2021-09-04T00:40:20.972897+00:00] query_log.NOTICE: Read query executed {"query":"DELETE FROM courses;"} []
[2021-09-04T00:40:20.988970+00:00] query_log.NOTICE: Read query executed {"query":"insert into courses (course, author, creation_date) values ('Learning everything', 'Daniel Holmes', 'October')"} []
[2021-09-04T00:40:21.003310+00:00] query_log.NOTICE: Read query executed {"query":"insert into courses (course, author, creation_date) values ('Super fun course', 'Daniel Holmes', 'October')"} []
[2021-09-04T00:40:21.021024+00:00] query_log.NOTICE: Read query executed {"query":"insert into courses (course, author, creation_date) values ('You wont believe this', 'Daniel Holmes', 'October')"} []
[2021-09-04T00:40:21.021247+00:00] query_log.INFO: Read query executed {"query":"select * from courses"} []
[2021-09-04T00:41:51.287166+00:00] query_log.NOTICE: Read query executed {"query":"DELETE FROM courses;"} []
[2021-09-04T00:41:51.296752+00:00] query_log.NOTICE: Read query executed {"query":"insert into courses (course, author, creation_date) values ('Learning everything', 'Daniel Holmes', 'October')"} []
[2021-09-04T00:41:51.304994+00:00] query_log.NOTICE: Read query executed {"query":"insert into courses (course, author, creation_date) values ('Super fun course', 'Daniel Holmes', 'October')"} []
[2021-09-04T00:41:51.313460+00:00] query_log.NOTICE: Read query executed {"query":"insert into courses (course, author, creation_date) values ('You wont believe this', 'Daniel Holmes', 'October')"} []
[2021-09-04T00:41:51.313808+00:00] query_log.INFO: Read query executed {"query":"select * from courses"} []
[2021-09-04T00:42:00.483263+00:00] query_log.NOTICE: Read query executed {"query":"DELETE FROM courses;"} []
[2021-09-04T00:42:00.491666+00:00] query_log.NOTICE: Read query executed {"query":"insert into courses (course, author, creation_date) values ('Learning everything', 'Daniel Holmes', 'October')"} []
[2021-09-04T00:42:00.499660+00:00] query_log.NOTICE: Read query executed {"query":"insert into courses (course, author, creation_date) values ('Super fun course', 'Daniel Holmes', 'October')"} []
[2021-09-04T00:42:00.508341+00:00] query_log.NOTICE: Read query executed {"query":"insert into courses (course, author, creation_date) values ('You wont believe this', 'Daniel Holmes', 'October')"} []
[2021-09-04T00:42:00.508612+00:00] query_log.INFO: Read query executed {"query":"select * from courses"} []
[2021-09-04T00:42:11.086991+00:00] query_log.NOTICE: Read query executed {"query":"DELETE FROM courses;"} []
[2021-09-04T00:42:11.101079+00:00] query_log.NOTICE: Read query executed {"query":"insert into courses (course, author, creation_date) values ('Learning everything', 'Daniel Holmes', 'October')"} []
[2021-09-04T00:42:11.116843+00:00] query_log.NOTICE: Read query executed {"query":"insert into courses (course, author, creation_date) values ('Super fun course', 'Daniel Holmes', 'October')"} []
[2021-09-04T00:42:11.124102+00:00] query_log.NOTICE: Read query executed {"query":"insert into courses (course, author, creation_date) values ('You wont believe this', 'Daniel Holmes', 'October')"} []
[2021-09-04T00:42:11.124328+00:00] query_log.INFO: Read query executed {"query":"select * from courses"} []
[2021-09-04T01:50:30.186339+00:00] query_log.NOTICE: Read query executed {"query":"DELETE FROM courses;"} []
[2021-09-04T01:50:30.194865+00:00] query_log.NOTICE: Read query executed {"query":"insert into courses (course, author, creation_date) values ('Learning everything', 'Daniel Holmes', 'October')"} []
[2021-09-04T01:50:30.202926+00:00] query_log.NOTICE: Read query executed {"query":"insert into courses (course, author, creation_date) values ('Super fun course', 'Daniel Holmes', 'October')"} []
[2021-09-04T01:50:30.210342+00:00] query_log.NOTICE: Read query executed {"query":"insert into courses (course, author, creation_date) values ('You wont believe this', 'Daniel Holmes', 'October')"} []
[2021-09-04T01:50:30.210585+00:00] query_log.INFO: Read query executed {"query":"select * from courses"} []
[2021-09-04T01:50:40.739839+00:00] query_log.NOTICE: Read query executed {"query":"DELETE FROM courses;"} []
[2021-09-04T01:50:40.748724+00:00] query_log.NOTICE: Read query executed {"query":"insert into courses (course, author, creation_date) values ('Learning everything', 'Daniel Holmes', 'October')"} []
[2021-09-04T01:50:40.756652+00:00] query_log.NOTICE: Read query executed {"query":"insert into courses (course, author, creation_date) values ('Super fun course', 'Daniel Holmes', 'October')"} []
[2021-09-04T01:50:40.763838+00:00] query_log.NOTICE: Read query executed {"query":"insert into courses (course, author, creation_date) values ('You wont believe this', 'Daniel Holmes', 'October')"} []
[2021-09-04T01:50:40.764052+00:00] query_log.INFO: Read query executed {"query":"select * from courses"} []
[2021-09-04T02:16:22.795785+00:00] query_log.NOTICE: Read query executed {"query":"DELETE FROM courses;"} []
[2021-09-04T02:16:54.880978+00:00] query_log.NOTICE: Read query executed {"query":"DELETE FROM courses;"} []
[2021-09-04T02:16:54.898803+00:00] query_log.NOTICE: Read query executed {"query":"insert into courses (course, author, creation_date) values ('High Performance PHP', 'Daniel Holmes', 'November')"} []
[2021-09-04T02:16:54.915119+00:00] query_log.NOTICE: Read query executed {"query":"insert into courses (course, author, creation_date) values ('Java Fundamentals', 'Alex Bishop', 'January')"} []
[2021-09-04T02:16:54.922819+00:00] query_log.NOTICE: Read query executed {"query":"insert into courses (course, author, creation_date) values ('CSS for Beginners', 'Luke', 'December')"} []
[2021-09-04T02:16:54.923055+00:00] query_log.INFO: Read query executed {"query":"select * from courses"} []
[2021-09-04T02:22:22.094699+00:00] query_log.NOTICE: Read query executed {"query":"insert into courses (course, author, creation_date)\r\n                                SELECT 'High Performance PHP', Daniel Holmes', 'November'\r\n                                WHERE NOT EXISTS\r\n                                (SELECT 1 FROM courses WHERE course ='High Performance PHP')"} []
[2021-09-04T02:22:22.096475+00:00] query_log.NOTICE: Read query executed {"query":"insert into courses (course, author, creation_date)\r\n                                SELECT 'Java Fundamentals', Alex Bishop', 'January'\r\n                                WHERE NOT EXISTS\r\n                                (SELECT 1 FROM courses WHERE course ='Java Fundamentals')"} []
[2021-09-04T02:22:22.096604+00:00] query_log.NOTICE: Read query executed {"query":"insert into courses (course, author, creation_date)\r\n                                SELECT 'CSS for Beginners', Luke', 'December'\r\n                                WHERE NOT EXISTS\r\n                                (SELECT 1 FROM courses WHERE course ='CSS for Beginners')"} []
[2021-09-04T02:22:22.096746+00:00] query_log.INFO: Read query executed {"query":"select * from courses"} []
[2021-09-04T02:25:52.560475+00:00] query_log.NOTICE: Read query executed {"query":"insert into courses (course, author, creation_date)\r\n                                SELECT 'High Performance PHP', Daniel Holmes', 'November'\r\n                                WHERE NOT EXISTS\r\n                                (SELECT 1 FROM courses WHERE course ='High Performance PHP')"} []
[2021-09-04T02:25:52.561883+00:00] query_log.NOTICE: Read query executed {"query":"insert into courses (course, author, creation_date)\r\n                                SELECT 'Java Fundamentals', Alex Bishop', 'January'\r\n                                WHERE NOT EXISTS\r\n                                (SELECT 1 FROM courses WHERE course ='Java Fundamentals')"} []
[2021-09-04T02:25:52.562011+00:00] query_log.NOTICE: Read query executed {"query":"insert into courses (course, author, creation_date)\r\n                                SELECT 'CSS for Beginners', Luke', 'December'\r\n                                WHERE NOT EXISTS\r\n                                (SELECT 1 FROM courses WHERE course ='CSS for Beginners')"} []
[2021-09-04T02:25:52.562144+00:00] query_log.INFO: Read query executed {"query":"select * from courses"} []
